==27505== NVPROF is profiling process 27505, command: ./../bin/main
==27505== Profiling application: ./../bin/main
==27505== Profiling result:
Time(%)      Time     Calls       Avg       Min       Max  Name
 39.21%  3.8616ms         1  3.8616ms  3.8616ms  3.8616ms  MatMulKernel(Matrix, Matrix, Matrix)
 29.07%  2.8629ms         2  1.4315ms  1.4289ms  1.4340ms  [CUDA memcpy DtoH]
 19.31%  1.9019ms         4  475.47us  377.48us  571.02us  [CUDA memcpy HtoD]
 12.41%  1.2218ms         1  1.2218ms  1.2218ms  1.2218ms  MatMulKernel_Shared(Matrix, Matrix, Matrix)

==27505== API calls:
Time(%)      Time     Calls       Avg       Min       Max  Name
 95.70%  340.29ms         6  56.715ms  234.81us  339.07ms  cudaMalloc
  3.51%  12.464ms         6  2.0773ms  405.67us  6.4798ms  cudaMemcpy
  0.31%  1.1003ms       182  6.0450us     164ns  233.31us  cuDeviceGetAttribute
  0.28%  980.78us         6  163.46us  151.42us  194.60us  cudaFree
  0.16%  566.62us         2  283.31us  282.48us  284.14us  cuDeviceTotalMem
  0.03%  92.515us         2  46.257us  45.761us  46.754us  cuDeviceGetName
  0.02%  69.295us         2  34.647us  22.295us  47.000us  cudaLaunch
  0.00%  4.6130us         6     768ns     195ns  2.7010us  cudaSetupArgument
  0.00%  2.3230us         2  1.1610us     755ns  1.5680us  cudaConfigureCall
  0.00%  2.0620us         3     687ns     196ns  1.4420us  cuDeviceGetCount
  0.00%  1.9310us         6     321ns     187ns     519ns  cuDeviceGet
