==24914== NVPROF is profiling process 24914, command: ./../bin/main
==24914== Profiling application: ./../bin/main
==24914== Profiling result:
Time(%)      Time     Calls       Avg       Min       Max  Name
 76.49%  3.28709s         1  3.28709s  3.28709s  3.28709s  MatMulKernel(Matrix, Matrix, Matrix)
 11.82%  508.10ms         1  508.10ms  508.10ms  508.10ms  MatMulKernel_Shared(Matrix, Matrix, Matrix)
  7.53%  323.50ms         2  161.75ms  160.91ms  162.58ms  [CUDA memcpy DtoH]
  4.17%  179.00ms         4  44.750ms  40.668ms  55.940ms  [CUDA memcpy HtoD]

==24914== API calls:
Time(%)      Time     Calls       Avg       Min       Max  Name
 93.29%  4.30345s         6  717.24ms  40.780ms  3.45088s  cudaMemcpy
  6.61%  305.09ms         6  50.849ms  669.18us  296.27ms  cudaMalloc
  0.05%  2.5261ms         6  421.02us  396.30us  453.45us  cudaFree
  0.02%  1.0921ms       182  6.0000us     153ns  224.20us  cuDeviceGetAttribute
  0.01%  567.41us         2  283.71us  283.30us  284.11us  cuDeviceTotalMem
  0.00%  120.01us         2  60.006us  48.656us  71.357us  cudaLaunch
  0.00%  93.316us         2  46.658us  45.840us  47.476us  cuDeviceGetName
  0.00%  10.012us         6  1.6680us     180ns  7.2930us  cudaSetupArgument
  0.00%  4.1600us         2  2.0800us  2.0600us  2.1000us  cudaConfigureCall
  0.00%  2.4090us         3     803ns     242ns  1.7460us  cuDeviceGetCount
  0.00%  2.1380us         6     356ns     182ns     703ns  cuDeviceGet
