==26896== NVPROF is profiling process 26896, command: ./../bin/main
==26896== Profiling application: ./../bin/main
==26896== Profiling result:
Time(%)      Time     Calls       Avg       Min       Max  Name
 53.07%  40.366ms         1  40.366ms  40.366ms  40.366ms  MatMulKernel(Matrix, Matrix, Matrix)
 23.97%  18.234ms         2  9.1168ms  9.0868ms  9.1468ms  [CUDA memcpy DtoH]
 12.54%  9.5414ms         1  9.5414ms  9.5414ms  9.5414ms  MatMulKernel_Shared(Matrix, Matrix, Matrix)
 10.42%  7.9282ms         4  1.9820ms  1.8313ms  2.0889ms  [CUDA memcpy HtoD]

==26896== API calls:
Time(%)      Time     Calls       Avg       Min       Max  Name
 77.24%  319.18ms         6  53.196ms  259.34us  317.13ms  cudaMalloc
 19.04%  78.679ms         6  13.113ms  1.8734ms  50.703ms  cudaMemcpy
  3.25%  13.436ms         6  2.2394ms  157.75us  12.592ms  cudaFree
  0.28%  1.1568ms       182  6.3550us     163ns  249.26us  cuDeviceGetAttribute
  0.14%  566.08us         2  283.04us  280.93us  285.15us  cuDeviceTotalMem
  0.02%  92.934us         2  46.467us  44.343us  48.591us  cuDeviceGetName
  0.02%  81.725us         2  40.862us  29.683us  52.042us  cudaLaunch
  0.00%  5.0360us         6     839ns     178ns  3.1800us  cudaSetupArgument
  0.00%  2.4640us         2  1.2320us     935ns  1.5290us  cudaConfigureCall
  0.00%  2.1110us         3     703ns     250ns  1.4230us  cuDeviceGetCount
  0.00%  1.8490us         6     308ns     205ns     530ns  cuDeviceGet
