==25370== NVPROF is profiling process 25370, command: ./../bin/main
==25370== Profiling application: ./../bin/main
==25370== Profiling result:
Time(%)      Time     Calls       Avg       Min       Max  Name
 71.82%  3.89866s         1  3.89866s  3.89866s  3.89866s  MatMulKernel(Matrix, Matrix, Matrix)
 19.21%  1.04253s         1  1.04253s  1.04253s  1.04253s  MatMulKernel_Shared(Matrix, Matrix, Matrix)
  5.93%  321.67ms         2  160.83ms  160.44ms  161.23ms  [CUDA memcpy DtoH]
  3.04%  165.15ms         4  41.288ms  40.773ms  41.853ms  [CUDA memcpy HtoD]

==25370== API calls:
Time(%)      Time     Calls       Avg       Min       Max  Name
 94.65%  5.43373s         6  905.62ms  40.882ms  4.06027s  cudaMemcpy
  5.27%  302.51ms         6  50.418ms  650.82us  295.77ms  cudaMalloc
  0.04%  2.5024ms         6  417.07us  400.29us  450.03us  cudaFree
  0.02%  1.0957ms       182  6.0200us     154ns  228.14us  cuDeviceGetAttribute
  0.01%  566.64us         2  283.32us  282.66us  283.98us  cuDeviceTotalMem
  0.00%  119.61us         2  59.803us  47.965us  71.641us  cudaLaunch
  0.00%  93.353us         2  46.676us  45.767us  47.586us  cuDeviceGetName
  0.00%  9.6670us         6  1.6110us     180ns  6.6360us  cudaSetupArgument
  0.00%  3.4200us         2  1.7100us  1.5760us  1.8440us  cudaConfigureCall
  0.00%  2.3750us         3     791ns     220ns  1.7650us  cuDeviceGetCount
  0.00%  1.9480us         6     324ns     193ns     544ns  cuDeviceGet
